[debug] [2021-10-22T09:17:05.309Z] ----------------------------------------------------------------------
[debug] [2021-10-22T09:17:05.311Z] Command:       /Users/bernardusmolkenboer/.nvm/versions/node/v16.4.1/bin/node /Users/bernardusmolkenboer/.nvm/versions/node/v16.4.1/bin/firebase serve
[debug] [2021-10-22T09:17:05.311Z] CLI Version:   9.21.0
[debug] [2021-10-22T09:17:05.311Z] Platform:      darwin
[debug] [2021-10-22T09:17:05.311Z] Node Version:  v16.4.1
[debug] [2021-10-22T09:17:05.312Z] Time:          Fri Oct 22 2021 11:17:05 GMT+0200 (Midden-Europese zomertijd)
[debug] [2021-10-22T09:17:05.312Z] ----------------------------------------------------------------------
[debug] 
[debug] [2021-10-22T09:17:05.347Z] > command requires scopes: ["email","openid","https://www.googleapis.com/auth/cloudplatformprojects.readonly","https://www.googleapis.com/auth/firebase","https://www.googleapis.com/auth/cloud-platform"]
[debug] [2021-10-22T09:17:05.347Z] > authorizing via signed-in user (molkier@gmail.com)
[debug] [2021-10-22T09:17:05.348Z] [iam] checking project thuiskapper for permissions ["firebase.projects.get"]
[debug] [2021-10-22T09:17:05.349Z] > refreshing access token with scopes: ["email","https://www.googleapis.com/auth/cloud-platform","https://www.googleapis.com/auth/cloudplatformprojects.readonly","https://www.googleapis.com/auth/firebase","openid"]
[debug] [2021-10-22T09:17:05.349Z] >>> HTTP REQUEST POST https://www.googleapis.com/oauth2/v3/token  
 <request body omitted>
[debug] [2021-10-22T09:17:05.473Z] <<< HTTP RESPONSE 200 {"expires":"Mon, 01 Jan 1990 00:00:00 GMT","date":"Fri, 22 Oct 2021 09:17:05 GMT","pragma":"no-cache","cache-control":"no-cache, no-store, max-age=0, must-revalidate","content-type":"application/json; charset=utf-8","vary":"X-Origin, Referer, Origin,Accept-Encoding","server":"scaffolding on HTTPServer2","x-xss-protection":"0","x-frame-options":"SAMEORIGIN","x-content-type-options":"nosniff","alt-svc":"h3=\":443\"; ma=2592000,h3-29=\":443\"; ma=2592000,h3-Q050=\":443\"; ma=2592000,h3-Q046=\":443\"; ma=2592000,h3-Q043=\":443\"; ma=2592000,quic=\":443\"; ma=2592000; v=\"46,43\"","accept-ranges":"none","transfer-encoding":"chunked"}
[debug] [2021-10-22T09:17:05.520Z] >>> HTTP REQUEST POST https://cloudresourcemanager.googleapis.com/v1/projects/thuiskapper:testIamPermissions  
 {"permissions":["firebase.projects.get"]}
[debug] [2021-10-22T09:17:06.205Z] <<< HTTP RESPONSE 200 {"content-type":"application/json; charset=UTF-8","vary":"X-Origin, Referer, Origin,Accept-Encoding","date":"Fri, 22 Oct 2021 09:17:06 GMT","server":"ESF","cache-control":"private","x-xss-protection":"0","x-frame-options":"SAMEORIGIN","x-content-type-options":"nosniff","server-timing":"gfet4t7; dur=604","alt-svc":"h3=\":443\"; ma=2592000,h3-29=\":443\"; ma=2592000,h3-Q050=\":443\"; ma=2592000,h3-Q046=\":443\"; ma=2592000,h3-Q043=\":443\"; ma=2592000,quic=\":443\"; ma=2592000; v=\"46,43\"","accept-ranges":"none","transfer-encoding":"chunked"}
[debug] [2021-10-22T09:17:06.207Z] > refreshing access token with scopes: []
[debug] [2021-10-22T09:17:06.207Z] >>> HTTP REQUEST POST https://www.googleapis.com/oauth2/v3/token  
 <request body omitted>
[debug] [2021-10-22T09:17:06.311Z] <<< HTTP RESPONSE 200 {"expires":"Mon, 01 Jan 1990 00:00:00 GMT","date":"Fri, 22 Oct 2021 09:17:06 GMT","cache-control":"no-cache, no-store, max-age=0, must-revalidate","pragma":"no-cache","content-type":"application/json; charset=utf-8","vary":"X-Origin, Referer, Origin,Accept-Encoding","server":"scaffolding on HTTPServer2","x-xss-protection":"0","x-frame-options":"SAMEORIGIN","x-content-type-options":"nosniff","alt-svc":"h3=\":443\"; ma=2592000,h3-29=\":443\"; ma=2592000,h3-Q050=\":443\"; ma=2592000,h3-Q046=\":443\"; ma=2592000,h3-Q043=\":443\"; ma=2592000,quic=\":443\"; ma=2592000; v=\"46,43\"","accept-ranges":"none","transfer-encoding":"chunked"}
[debug] [2021-10-22T09:17:06.359Z] >>> [apiv2][query] GET https://firebase.googleapis.com/v1beta1/projects/thuiskapper [none]
[debug] [2021-10-22T09:17:06.613Z] <<< [apiv2][status] GET https://firebase.googleapis.com/v1beta1/projects/thuiskapper 200
[debug] [2021-10-22T09:17:06.613Z] <<< [apiv2][body] GET https://firebase.googleapis.com/v1beta1/projects/thuiskapper {"projectId":"thuiskapper","projectNumber":"368390956811","displayName":"Thuiskapper","name":"projects/thuiskapper","resources":{"hostingSite":"thuiskapper"},"state":"ACTIVE"}
[info] 
[info] === Serving from '/Users/bernardusmolkenboer/Desktop/whitepaper'...
[info] 
[warn] ⚠  Your requested "node" version "14" doesn't match your global version "16" {"metadata":{"emulator":{"name":"functions"},"message":"Your requested \"node\" version \"14\" doesn't match your global version \"16\""}}
[debug] [2021-10-22T09:17:06.627Z] defaultcredentials: writing to file /Users/bernardusmolkenboer/.config/firebase/molkier_gmail_com_application_default_credentials.json
[debug] [2021-10-22T09:17:06.628Z] Setting GAC to /Users/bernardusmolkenboer/.config/firebase/molkier_gmail_com_application_default_credentials.json {"metadata":{"emulator":{"name":"functions"},"message":"Setting GAC to /Users/bernardusmolkenboer/.config/firebase/molkier_gmail_com_application_default_credentials.json"}}
[debug] [2021-10-22T09:17:06.629Z] >>> [apiv2][query] GET https://firebase.googleapis.com/v1beta1/projects/thuiskapper/adminSdkConfig [none]
[debug] [2021-10-22T09:17:06.866Z] <<< [apiv2][status] GET https://firebase.googleapis.com/v1beta1/projects/thuiskapper/adminSdkConfig 200
[debug] [2021-10-22T09:17:06.866Z] <<< [apiv2][body] GET https://firebase.googleapis.com/v1beta1/projects/thuiskapper/adminSdkConfig {"projectId":"thuiskapper","storageBucket":"thuiskapper.appspot.com"}
[info] i  functions: Watching "/Users/bernardusmolkenboer/Desktop/whitepaper/functions" for Cloud Functions... {"metadata":{"emulator":{"name":"functions"},"message":"Watching \"/Users/bernardusmolkenboer/Desktop/whitepaper/functions\" for Cloud Functions..."}}
[debug] [2021-10-22T09:17:06.909Z] [worker-pool] addWorker(~diagnostic~) {"metadata":{"emulator":{"name":"functions"},"message":"[worker-pool] addWorker(~diagnostic~)"}}
[debug] [2021-10-22T09:17:06.910Z] [worker-pool] Adding worker with key ~diagnostic~, total=1 {"metadata":{"emulator":{"name":"functions"},"message":"[worker-pool] Adding worker with key ~diagnostic~, total=1"}}
[debug] [2021-10-22T09:17:06.910Z] [worker-pool] submitWork(triggerId=) {"metadata":{"emulator":{"name":"functions"},"message":"[worker-pool] submitWork(triggerId=)"}}
[debug] [2021-10-22T09:17:06.911Z] [worker-~diagnostic~-6d375c96-751e-4186-9d8e-77ccdb583920]: Assigning socketPath: /var/folders/mg/2fq15ck90qg8dhg4f44xr12w0000gn/T/fire_emu_5093.sock {"metadata":{"emulator":{"name":"functions"},"message":"[worker-~diagnostic~-6d375c96-751e-4186-9d8e-77ccdb583920]: Assigning socketPath: /var/folders/mg/2fq15ck90qg8dhg4f44xr12w0000gn/T/fire_emu_5093.sock"}}
[debug] [2021-10-22T09:17:06.911Z] [worker-~diagnostic~-6d375c96-751e-4186-9d8e-77ccdb583920]: BUSY {"metadata":{"emulator":{"name":"functions"},"message":"[worker-~diagnostic~-6d375c96-751e-4186-9d8e-77ccdb583920]: BUSY"}}
[debug] [2021-10-22T09:17:07.012Z] [runtime-status] [5093] Functions runtime initialized. {"cwd":"/Users/bernardusmolkenboer/Desktop/whitepaper/functions","node_version":"16.4.1"} {"metadata":{"emulator":{"name":"functions"},"message":"[runtime-status] [5093] Functions runtime initialized. {\"cwd\":\"/Users/bernardusmolkenboer/Desktop/whitepaper/functions\",\"node_version\":\"16.4.1\"}"}}
[debug] [2021-10-22T09:17:07.012Z] [runtime-status] [5093] Disabled runtime features: undefined {"metadata":{"emulator":{"name":"functions"},"message":"[runtime-status] [5093] Disabled runtime features: undefined"}}
[debug] [2021-10-22T09:17:07.015Z] [runtime-status] [5093] Resolved module firebase-admin {"declared":true,"installed":true,"version":"9.12.0","resolution":"/Users/bernardusmolkenboer/Desktop/whitepaper/functions/node_modules/firebase-admin/lib/index.js"} {"metadata":{"emulator":{"name":"functions"},"message":"[runtime-status] [5093] Resolved module firebase-admin {\"declared\":true,\"installed\":true,\"version\":\"9.12.0\",\"resolution\":\"/Users/bernardusmolkenboer/Desktop/whitepaper/functions/node_modules/firebase-admin/lib/index.js\"}"}}
[debug] [2021-10-22T09:17:07.016Z] [runtime-status] [5093] Resolved module firebase-functions {"declared":true,"installed":true,"version":"3.15.7","resolution":"/Users/bernardusmolkenboer/Desktop/whitepaper/functions/node_modules/firebase-functions/lib/index.js"} {"metadata":{"emulator":{"name":"functions"},"message":"[runtime-status] [5093] Resolved module firebase-functions {\"declared\":true,\"installed\":true,\"version\":\"3.15.7\",\"resolution\":\"/Users/bernardusmolkenboer/Desktop/whitepaper/functions/node_modules/firebase-functions/lib/index.js\"}"}}
[debug] [2021-10-22T09:17:07.018Z] [runtime-status] [5093] Outgoing network have been stubbed. [{"name":"http","status":"mocked"},{"name":"http","status":"mocked"},{"name":"https","status":"mocked"},{"name":"https","status":"mocked"},{"name":"net","status":"mocked"}] {"metadata":{"emulator":{"name":"functions"},"message":"[runtime-status] [5093] Outgoing network have been stubbed. [{\"name\":\"http\",\"status\":\"mocked\"},{\"name\":\"http\",\"status\":\"mocked\"},{\"name\":\"https\",\"status\":\"mocked\"},{\"name\":\"https\",\"status\":\"mocked\"},{\"name\":\"net\",\"status\":\"mocked\"}]"}}
[debug] [2021-10-22T09:17:07.018Z] [runtime-status] [5093] Resolved module firebase-functions {"declared":true,"installed":true,"version":"3.15.7","resolution":"/Users/bernardusmolkenboer/Desktop/whitepaper/functions/node_modules/firebase-functions/lib/index.js"} {"metadata":{"emulator":{"name":"functions"},"message":"[runtime-status] [5093] Resolved module firebase-functions {\"declared\":true,\"installed\":true,\"version\":\"3.15.7\",\"resolution\":\"/Users/bernardusmolkenboer/Desktop/whitepaper/functions/node_modules/firebase-functions/lib/index.js\"}"}}
[debug] [2021-10-22T09:17:07.043Z] [runtime-status] [5093] Checked functions.config() {"config":{}} {"metadata":{"emulator":{"name":"functions"},"message":"[runtime-status] [5093] Checked functions.config() {\"config\":{}}"}}
[debug] [2021-10-22T09:17:07.043Z] [runtime-status] [5093] firebase-functions has been stubbed. {"functionsResolution":{"declared":true,"installed":true,"version":"3.15.7","resolution":"/Users/bernardusmolkenboer/Desktop/whitepaper/functions/node_modules/firebase-functions/lib/index.js"}} {"metadata":{"emulator":{"name":"functions"},"message":"[runtime-status] [5093] firebase-functions has been stubbed. {\"functionsResolution\":{\"declared\":true,\"installed\":true,\"version\":\"3.15.7\",\"resolution\":\"/Users/bernardusmolkenboer/Desktop/whitepaper/functions/node_modules/firebase-functions/lib/index.js\"}}"}}
[debug] [2021-10-22T09:17:07.043Z] [runtime-status] [5093] Resolved module firebase-functions {"declared":true,"installed":true,"version":"3.15.7","resolution":"/Users/bernardusmolkenboer/Desktop/whitepaper/functions/node_modules/firebase-functions/lib/index.js"} {"metadata":{"emulator":{"name":"functions"},"message":"[runtime-status] [5093] Resolved module firebase-functions {\"declared\":true,\"installed\":true,\"version\":\"3.15.7\",\"resolution\":\"/Users/bernardusmolkenboer/Desktop/whitepaper/functions/node_modules/firebase-functions/lib/index.js\"}"}}
[debug] [2021-10-22T09:17:07.044Z] [runtime-status] [5093] Resolved module firebase-admin {"declared":true,"installed":true,"version":"9.12.0","resolution":"/Users/bernardusmolkenboer/Desktop/whitepaper/functions/node_modules/firebase-admin/lib/index.js"} {"metadata":{"emulator":{"name":"functions"},"message":"[runtime-status] [5093] Resolved module firebase-admin {\"declared\":true,\"installed\":true,\"version\":\"9.12.0\",\"resolution\":\"/Users/bernardusmolkenboer/Desktop/whitepaper/functions/node_modules/firebase-admin/lib/index.js\"}"}}
[debug] [2021-10-22T09:17:07.045Z] [runtime-status] [5093] Resolved module firebase-functions {"declared":true,"installed":true,"version":"3.15.7","resolution":"/Users/bernardusmolkenboer/Desktop/whitepaper/functions/node_modules/firebase-functions/lib/index.js"} {"metadata":{"emulator":{"name":"functions"},"message":"[runtime-status] [5093] Resolved module firebase-functions {\"declared\":true,\"installed\":true,\"version\":\"3.15.7\",\"resolution\":\"/Users/bernardusmolkenboer/Desktop/whitepaper/functions/node_modules/firebase-functions/lib/index.js\"}"}}
[debug] [2021-10-22T09:17:07.046Z] [runtime-status] [5093] firebase-admin has been stubbed. {"adminResolution":{"declared":true,"installed":true,"version":"9.12.0","resolution":"/Users/bernardusmolkenboer/Desktop/whitepaper/functions/node_modules/firebase-admin/lib/index.js"}} {"metadata":{"emulator":{"name":"functions"},"message":"[runtime-status] [5093] firebase-admin has been stubbed. {\"adminResolution\":{\"declared\":true,\"installed\":true,\"version\":\"9.12.0\",\"resolution\":\"/Users/bernardusmolkenboer/Desktop/whitepaper/functions/node_modules/firebase-admin/lib/index.js\"}}"}}
[warn] ⚠  Error: Cannot find module '/Users/bernardusmolkenboer/Desktop/whitepaper/functions/lib/index.js'. Please verify that the package.json has a valid "main" entry
    at tryPackage (node:internal/modules/cjs/loader:347:19)
    at Function.Module._findPath (node:internal/modules/cjs/loader:560:18)
    at Function.Module._resolveFilename (node:internal/modules/cjs/loader:913:27)
    at Function.Module._load (node:internal/modules/cjs/loader:772:27)
    at Module.require (node:internal/modules/cjs/loader:999:19)
    at require (node:internal/modules/cjs/helpers:93:18)
    at initializeRuntime (/Users/bernardusmolkenboer/.nvm/versions/node/v16.4.1/lib/node_modules/firebase-tools/lib/emulator/functionsEmulatorRuntime.js:640:29)
    at processTicksAndRejections (node:internal/process/task_queues:96:5)
    at async handleMessage (/Users/bernardusmolkenboer/.nvm/versions/node/v16.4.1/lib/node_modules/firebase-tools/lib/emulator/functionsEmulatorRuntime.js:684:20) {"metadata":{"emulator":{"name":"functions"},"message":"Error: Cannot find module '/Users/bernardusmolkenboer/Desktop/whitepaper/functions/lib/index.js'. Please verify that the package.json has a valid \"main\" entry\n    at tryPackage (node:internal/modules/cjs/loader:347:19)\n    at Function.Module._findPath (node:internal/modules/cjs/loader:560:18)\n    at Function.Module._resolveFilename (node:internal/modules/cjs/loader:913:27)\n    at Function.Module._load (node:internal/modules/cjs/loader:772:27)\n    at Module.require (node:internal/modules/cjs/loader:999:19)\n    at require (node:internal/modules/cjs/helpers:93:18)\n    at initializeRuntime (/Users/bernardusmolkenboer/.nvm/versions/node/v16.4.1/lib/node_modules/firebase-tools/lib/emulator/functionsEmulatorRuntime.js:640:29)\n    at processTicksAndRejections (node:internal/process/task_queues:96:5)\n    at async handleMessage (/Users/bernardusmolkenboer/.nvm/versions/node/v16.4.1/lib/node_modules/firebase-tools/lib/emulator/functionsEmulatorRuntime.js:684:20)"}}
[warn] ⚠  We were unable to load your functions code. (see above)
   - It appears your code is written in Typescript, which must be compiled before emulation.
   - You may be able to run "npm run build" in your functions directory to resolve this. {"metadata":{"emulator":{"name":"functions"}}}
[debug] [2021-10-22T09:17:07.066Z] [worker-~diagnostic~-6d375c96-751e-4186-9d8e-77ccdb583920]: exited {"metadata":{"emulator":{"name":"functions"},"message":"[worker-~diagnostic~-6d375c96-751e-4186-9d8e-77ccdb583920]: exited"}}
[debug] [2021-10-22T09:17:07.066Z] [worker-~diagnostic~-6d375c96-751e-4186-9d8e-77ccdb583920]: FINISHED {"metadata":{"emulator":{"name":"functions"},"message":"[worker-~diagnostic~-6d375c96-751e-4186-9d8e-77ccdb583920]: FINISHED"}}
