[debug] [2021-10-22T09:15:44.281Z] ----------------------------------------------------------------------
[debug] [2021-10-22T09:15:44.283Z] Command:       /Users/bernardusmolkenboer/.nvm/versions/node/v16.4.1/bin/node /Users/bernardusmolkenboer/.nvm/versions/node/v16.4.1/bin/firebase serve
[debug] [2021-10-22T09:15:44.283Z] CLI Version:   9.21.0
[debug] [2021-10-22T09:15:44.283Z] Platform:      darwin
[debug] [2021-10-22T09:15:44.283Z] Node Version:  v16.4.1
[debug] [2021-10-22T09:15:44.283Z] Time:          Fri Oct 22 2021 11:15:44 GMT+0200 (Midden-Europese zomertijd)
[debug] [2021-10-22T09:15:44.284Z] ----------------------------------------------------------------------
[debug] 
[debug] [2021-10-22T09:15:44.319Z] > command requires scopes: ["email","openid","https://www.googleapis.com/auth/cloudplatformprojects.readonly","https://www.googleapis.com/auth/firebase","https://www.googleapis.com/auth/cloud-platform"]
[debug] [2021-10-22T09:15:44.320Z] > authorizing via signed-in user (molkier@gmail.com)
[debug] [2021-10-22T09:15:44.320Z] [iam] checking project thuiskapper for permissions ["firebase.projects.get"]
[debug] [2021-10-22T09:15:44.321Z] >>> HTTP REQUEST POST https://cloudresourcemanager.googleapis.com/v1/projects/thuiskapper:testIamPermissions  
 {"permissions":["firebase.projects.get"]}
[debug] [2021-10-22T09:15:45.007Z] <<< HTTP RESPONSE 200 {"content-type":"application/json; charset=UTF-8","vary":"X-Origin, Referer, Origin,Accept-Encoding","date":"Fri, 22 Oct 2021 09:15:45 GMT","server":"ESF","cache-control":"private","x-xss-protection":"0","x-frame-options":"SAMEORIGIN","x-content-type-options":"nosniff","server-timing":"gfet4t7; dur=579","alt-svc":"h3=\":443\"; ma=2592000,h3-29=\":443\"; ma=2592000,h3-Q050=\":443\"; ma=2592000,h3-Q046=\":443\"; ma=2592000,h3-Q043=\":443\"; ma=2592000,quic=\":443\"; ma=2592000; v=\"46,43\"","accept-ranges":"none","transfer-encoding":"chunked"}
[debug] [2021-10-22T09:15:45.010Z] > refreshing access token with scopes: []
[debug] [2021-10-22T09:15:45.010Z] >>> HTTP REQUEST POST https://www.googleapis.com/oauth2/v3/token  
 <request body omitted>
[debug] [2021-10-22T09:15:45.127Z] <<< HTTP RESPONSE 200 {"cache-control":"no-cache, no-store, max-age=0, must-revalidate","expires":"Mon, 01 Jan 1990 00:00:00 GMT","date":"Fri, 22 Oct 2021 09:15:45 GMT","pragma":"no-cache","content-type":"application/json; charset=utf-8","vary":"X-Origin, Referer, Origin,Accept-Encoding","server":"scaffolding on HTTPServer2","x-xss-protection":"0","x-frame-options":"SAMEORIGIN","x-content-type-options":"nosniff","alt-svc":"h3=\":443\"; ma=2592000,h3-29=\":443\"; ma=2592000,h3-Q050=\":443\"; ma=2592000,h3-Q046=\":443\"; ma=2592000,h3-Q043=\":443\"; ma=2592000,quic=\":443\"; ma=2592000; v=\"46,43\"","accept-ranges":"none","transfer-encoding":"chunked"}
[debug] [2021-10-22T09:15:45.173Z] >>> [apiv2][query] GET https://firebase.googleapis.com/v1beta1/projects/thuiskapper [none]
[debug] [2021-10-22T09:15:45.451Z] <<< [apiv2][status] GET https://firebase.googleapis.com/v1beta1/projects/thuiskapper 200
[debug] [2021-10-22T09:15:45.451Z] <<< [apiv2][body] GET https://firebase.googleapis.com/v1beta1/projects/thuiskapper {"projectId":"thuiskapper","projectNumber":"368390956811","displayName":"Thuiskapper","name":"projects/thuiskapper","resources":{"hostingSite":"thuiskapper"},"state":"ACTIVE"}
[info] 
[info] === Serving from '/Users/bernardusmolkenboer/Desktop/whitepaper'...
[info] 
[warn] ⚠  Your requested "node" version "14" doesn't match your global version "16" {"metadata":{"emulator":{"name":"functions"},"message":"Your requested \"node\" version \"14\" doesn't match your global version \"16\""}}
[debug] [2021-10-22T09:15:45.464Z] defaultcredentials: writing to file /Users/bernardusmolkenboer/.config/firebase/molkier_gmail_com_application_default_credentials.json
[debug] [2021-10-22T09:15:45.465Z] Setting GAC to /Users/bernardusmolkenboer/.config/firebase/molkier_gmail_com_application_default_credentials.json {"metadata":{"emulator":{"name":"functions"},"message":"Setting GAC to /Users/bernardusmolkenboer/.config/firebase/molkier_gmail_com_application_default_credentials.json"}}
[debug] [2021-10-22T09:15:45.466Z] >>> [apiv2][query] GET https://firebase.googleapis.com/v1beta1/projects/thuiskapper/adminSdkConfig [none]
[debug] [2021-10-22T09:15:45.734Z] <<< [apiv2][status] GET https://firebase.googleapis.com/v1beta1/projects/thuiskapper/adminSdkConfig 200
[debug] [2021-10-22T09:15:45.734Z] <<< [apiv2][body] GET https://firebase.googleapis.com/v1beta1/projects/thuiskapper/adminSdkConfig {"projectId":"thuiskapper","storageBucket":"thuiskapper.appspot.com"}
[info] i  functions: Watching "/Users/bernardusmolkenboer/Desktop/whitepaper/functions" for Cloud Functions... {"metadata":{"emulator":{"name":"functions"},"message":"Watching \"/Users/bernardusmolkenboer/Desktop/whitepaper/functions\" for Cloud Functions..."}}
[debug] [2021-10-22T09:15:45.774Z] [worker-pool] addWorker(~diagnostic~) {"metadata":{"emulator":{"name":"functions"},"message":"[worker-pool] addWorker(~diagnostic~)"}}
[debug] [2021-10-22T09:15:45.774Z] [worker-pool] Adding worker with key ~diagnostic~, total=1 {"metadata":{"emulator":{"name":"functions"},"message":"[worker-pool] Adding worker with key ~diagnostic~, total=1"}}
[debug] [2021-10-22T09:15:45.775Z] [worker-pool] submitWork(triggerId=) {"metadata":{"emulator":{"name":"functions"},"message":"[worker-pool] submitWork(triggerId=)"}}
[debug] [2021-10-22T09:15:45.775Z] [worker-~diagnostic~-e6cf0b9a-4a0e-48d4-83cc-2639bcaf5ce6]: Assigning socketPath: /var/folders/mg/2fq15ck90qg8dhg4f44xr12w0000gn/T/fire_emu_4724.sock {"metadata":{"emulator":{"name":"functions"},"message":"[worker-~diagnostic~-e6cf0b9a-4a0e-48d4-83cc-2639bcaf5ce6]: Assigning socketPath: /var/folders/mg/2fq15ck90qg8dhg4f44xr12w0000gn/T/fire_emu_4724.sock"}}
[debug] [2021-10-22T09:15:45.775Z] [worker-~diagnostic~-e6cf0b9a-4a0e-48d4-83cc-2639bcaf5ce6]: BUSY {"metadata":{"emulator":{"name":"functions"},"message":"[worker-~diagnostic~-e6cf0b9a-4a0e-48d4-83cc-2639bcaf5ce6]: BUSY"}}
[debug] [2021-10-22T09:15:45.876Z] [runtime-status] [4724] Functions runtime initialized. {"cwd":"/Users/bernardusmolkenboer/Desktop/whitepaper/functions","node_version":"16.4.1"} {"metadata":{"emulator":{"name":"functions"},"message":"[runtime-status] [4724] Functions runtime initialized. {\"cwd\":\"/Users/bernardusmolkenboer/Desktop/whitepaper/functions\",\"node_version\":\"16.4.1\"}"}}
[debug] [2021-10-22T09:15:45.876Z] [runtime-status] [4724] Disabled runtime features: undefined {"metadata":{"emulator":{"name":"functions"},"message":"[runtime-status] [4724] Disabled runtime features: undefined"}}
[debug] [2021-10-22T09:15:45.878Z] [runtime-status] [4724] Resolved module firebase-admin {"declared":true,"installed":true,"version":"9.12.0","resolution":"/Users/bernardusmolkenboer/Desktop/whitepaper/functions/node_modules/firebase-admin/lib/index.js"} {"metadata":{"emulator":{"name":"functions"},"message":"[runtime-status] [4724] Resolved module firebase-admin {\"declared\":true,\"installed\":true,\"version\":\"9.12.0\",\"resolution\":\"/Users/bernardusmolkenboer/Desktop/whitepaper/functions/node_modules/firebase-admin/lib/index.js\"}"}}
[debug] [2021-10-22T09:15:45.881Z] [runtime-status] [4724] Resolved module firebase-functions {"declared":true,"installed":true,"version":"3.15.7","resolution":"/Users/bernardusmolkenboer/Desktop/whitepaper/functions/node_modules/firebase-functions/lib/index.js"} {"metadata":{"emulator":{"name":"functions"},"message":"[runtime-status] [4724] Resolved module firebase-functions {\"declared\":true,\"installed\":true,\"version\":\"3.15.7\",\"resolution\":\"/Users/bernardusmolkenboer/Desktop/whitepaper/functions/node_modules/firebase-functions/lib/index.js\"}"}}
[debug] [2021-10-22T09:15:45.882Z] [runtime-status] [4724] Outgoing network have been stubbed. [{"name":"http","status":"mocked"},{"name":"http","status":"mocked"},{"name":"https","status":"mocked"},{"name":"https","status":"mocked"},{"name":"net","status":"mocked"}] {"metadata":{"emulator":{"name":"functions"},"message":"[runtime-status] [4724] Outgoing network have been stubbed. [{\"name\":\"http\",\"status\":\"mocked\"},{\"name\":\"http\",\"status\":\"mocked\"},{\"name\":\"https\",\"status\":\"mocked\"},{\"name\":\"https\",\"status\":\"mocked\"},{\"name\":\"net\",\"status\":\"mocked\"}]"}}
[debug] [2021-10-22T09:15:45.882Z] [runtime-status] [4724] Resolved module firebase-functions {"declared":true,"installed":true,"version":"3.15.7","resolution":"/Users/bernardusmolkenboer/Desktop/whitepaper/functions/node_modules/firebase-functions/lib/index.js"} {"metadata":{"emulator":{"name":"functions"},"message":"[runtime-status] [4724] Resolved module firebase-functions {\"declared\":true,\"installed\":true,\"version\":\"3.15.7\",\"resolution\":\"/Users/bernardusmolkenboer/Desktop/whitepaper/functions/node_modules/firebase-functions/lib/index.js\"}"}}
[debug] [2021-10-22T09:15:45.907Z] [runtime-status] [4724] Checked functions.config() {"config":{}} {"metadata":{"emulator":{"name":"functions"},"message":"[runtime-status] [4724] Checked functions.config() {\"config\":{}}"}}
[debug] [2021-10-22T09:15:45.908Z] [runtime-status] [4724] firebase-functions has been stubbed. {"functionsResolution":{"declared":true,"installed":true,"version":"3.15.7","resolution":"/Users/bernardusmolkenboer/Desktop/whitepaper/functions/node_modules/firebase-functions/lib/index.js"}} {"metadata":{"emulator":{"name":"functions"},"message":"[runtime-status] [4724] firebase-functions has been stubbed. {\"functionsResolution\":{\"declared\":true,\"installed\":true,\"version\":\"3.15.7\",\"resolution\":\"/Users/bernardusmolkenboer/Desktop/whitepaper/functions/node_modules/firebase-functions/lib/index.js\"}}"}}
[debug] [2021-10-22T09:15:45.908Z] [runtime-status] [4724] Resolved module firebase-functions {"declared":true,"installed":true,"version":"3.15.7","resolution":"/Users/bernardusmolkenboer/Desktop/whitepaper/functions/node_modules/firebase-functions/lib/index.js"} {"metadata":{"emulator":{"name":"functions"},"message":"[runtime-status] [4724] Resolved module firebase-functions {\"declared\":true,\"installed\":true,\"version\":\"3.15.7\",\"resolution\":\"/Users/bernardusmolkenboer/Desktop/whitepaper/functions/node_modules/firebase-functions/lib/index.js\"}"}}
[debug] [2021-10-22T09:15:45.909Z] [runtime-status] [4724] Resolved module firebase-admin {"declared":true,"installed":true,"version":"9.12.0","resolution":"/Users/bernardusmolkenboer/Desktop/whitepaper/functions/node_modules/firebase-admin/lib/index.js"} {"metadata":{"emulator":{"name":"functions"},"message":"[runtime-status] [4724] Resolved module firebase-admin {\"declared\":true,\"installed\":true,\"version\":\"9.12.0\",\"resolution\":\"/Users/bernardusmolkenboer/Desktop/whitepaper/functions/node_modules/firebase-admin/lib/index.js\"}"}}
[debug] [2021-10-22T09:15:45.909Z] [runtime-status] [4724] Resolved module firebase-functions {"declared":true,"installed":true,"version":"3.15.7","resolution":"/Users/bernardusmolkenboer/Desktop/whitepaper/functions/node_modules/firebase-functions/lib/index.js"} {"metadata":{"emulator":{"name":"functions"},"message":"[runtime-status] [4724] Resolved module firebase-functions {\"declared\":true,\"installed\":true,\"version\":\"3.15.7\",\"resolution\":\"/Users/bernardusmolkenboer/Desktop/whitepaper/functions/node_modules/firebase-functions/lib/index.js\"}"}}
[debug] [2021-10-22T09:15:45.909Z] [runtime-status] [4724] firebase-admin has been stubbed. {"adminResolution":{"declared":true,"installed":true,"version":"9.12.0","resolution":"/Users/bernardusmolkenboer/Desktop/whitepaper/functions/node_modules/firebase-admin/lib/index.js"}} {"metadata":{"emulator":{"name":"functions"},"message":"[runtime-status] [4724] firebase-admin has been stubbed. {\"adminResolution\":{\"declared\":true,\"installed\":true,\"version\":\"9.12.0\",\"resolution\":\"/Users/bernardusmolkenboer/Desktop/whitepaper/functions/node_modules/firebase-admin/lib/index.js\"}}"}}
[warn] ⚠  Error: Cannot find module '/Users/bernardusmolkenboer/Desktop/whitepaper/functions/lib/index.js'. Please verify that the package.json has a valid "main" entry
    at tryPackage (node:internal/modules/cjs/loader:347:19)
    at Function.Module._findPath (node:internal/modules/cjs/loader:560:18)
    at Function.Module._resolveFilename (node:internal/modules/cjs/loader:913:27)
    at Function.Module._load (node:internal/modules/cjs/loader:772:27)
    at Module.require (node:internal/modules/cjs/loader:999:19)
    at require (node:internal/modules/cjs/helpers:93:18)
    at initializeRuntime (/Users/bernardusmolkenboer/.nvm/versions/node/v16.4.1/lib/node_modules/firebase-tools/lib/emulator/functionsEmulatorRuntime.js:640:29)
    at processTicksAndRejections (node:internal/process/task_queues:96:5)
    at async handleMessage (/Users/bernardusmolkenboer/.nvm/versions/node/v16.4.1/lib/node_modules/firebase-tools/lib/emulator/functionsEmulatorRuntime.js:684:20) {"metadata":{"emulator":{"name":"functions"},"message":"Error: Cannot find module '/Users/bernardusmolkenboer/Desktop/whitepaper/functions/lib/index.js'. Please verify that the package.json has a valid \"main\" entry\n    at tryPackage (node:internal/modules/cjs/loader:347:19)\n    at Function.Module._findPath (node:internal/modules/cjs/loader:560:18)\n    at Function.Module._resolveFilename (node:internal/modules/cjs/loader:913:27)\n    at Function.Module._load (node:internal/modules/cjs/loader:772:27)\n    at Module.require (node:internal/modules/cjs/loader:999:19)\n    at require (node:internal/modules/cjs/helpers:93:18)\n    at initializeRuntime (/Users/bernardusmolkenboer/.nvm/versions/node/v16.4.1/lib/node_modules/firebase-tools/lib/emulator/functionsEmulatorRuntime.js:640:29)\n    at processTicksAndRejections (node:internal/process/task_queues:96:5)\n    at async handleMessage (/Users/bernardusmolkenboer/.nvm/versions/node/v16.4.1/lib/node_modules/firebase-tools/lib/emulator/functionsEmulatorRuntime.js:684:20)"}}
[warn] ⚠  We were unable to load your functions code. (see above)
   - It appears your code is written in Typescript, which must be compiled before emulation.
   - You may be able to run "npm run build" in your functions directory to resolve this. {"metadata":{"emulator":{"name":"functions"}}}
[debug] [2021-10-22T09:15:45.931Z] [worker-~diagnostic~-e6cf0b9a-4a0e-48d4-83cc-2639bcaf5ce6]: exited {"metadata":{"emulator":{"name":"functions"},"message":"[worker-~diagnostic~-e6cf0b9a-4a0e-48d4-83cc-2639bcaf5ce6]: exited"}}
[debug] [2021-10-22T09:15:45.931Z] [worker-~diagnostic~-e6cf0b9a-4a0e-48d4-83cc-2639bcaf5ce6]: FINISHED {"metadata":{"emulator":{"name":"functions"},"message":"[worker-~diagnostic~-e6cf0b9a-4a0e-48d4-83cc-2639bcaf5ce6]: FINISHED"}}
[debug] [2021-10-22T09:26:16.527Z] ----------------------------------------------------------------------
[debug] [2021-10-22T09:26:16.528Z] Command:       /Users/bernardusmolkenboer/.nvm/versions/node/v16.4.1/bin/node /Users/bernardusmolkenboer/.nvm/versions/node/v16.4.1/bin/firebase serve
[debug] [2021-10-22T09:26:16.528Z] CLI Version:   9.21.0
[debug] [2021-10-22T09:26:16.528Z] Platform:      darwin
[debug] [2021-10-22T09:26:16.528Z] Node Version:  v16.4.1
[debug] [2021-10-22T09:26:16.529Z] Time:          Fri Oct 22 2021 11:26:16 GMT+0200 (Midden-Europese zomertijd)
[debug] [2021-10-22T09:26:16.529Z] ----------------------------------------------------------------------
[debug] 
[debug] [2021-10-22T09:26:16.566Z] > command requires scopes: ["email","openid","https://www.googleapis.com/auth/cloudplatformprojects.readonly","https://www.googleapis.com/auth/firebase","https://www.googleapis.com/auth/cloud-platform"]
[debug] [2021-10-22T09:26:16.566Z] > authorizing via signed-in user (molkier@gmail.com)
[debug] [2021-10-22T09:26:16.566Z] [iam] checking project thuiskapper for permissions ["firebase.projects.get"]
[debug] [2021-10-22T09:26:16.568Z] > refreshing access token with scopes: ["email","https://www.googleapis.com/auth/cloud-platform","https://www.googleapis.com/auth/cloudplatformprojects.readonly","https://www.googleapis.com/auth/firebase","openid"]
[debug] [2021-10-22T09:26:16.568Z] >>> HTTP REQUEST POST https://www.googleapis.com/oauth2/v3/token  
 <request body omitted>
[debug] [2021-10-22T09:26:16.705Z] <<< HTTP RESPONSE 200 {"pragma":"no-cache","expires":"Mon, 01 Jan 1990 00:00:00 GMT","cache-control":"no-cache, no-store, max-age=0, must-revalidate","date":"Fri, 22 Oct 2021 09:26:16 GMT","content-type":"application/json; charset=utf-8","vary":"X-Origin, Referer, Origin,Accept-Encoding","server":"scaffolding on HTTPServer2","x-xss-protection":"0","x-frame-options":"SAMEORIGIN","x-content-type-options":"nosniff","alt-svc":"h3=\":443\"; ma=2592000,h3-29=\":443\"; ma=2592000,h3-Q050=\":443\"; ma=2592000,h3-Q046=\":443\"; ma=2592000,h3-Q043=\":443\"; ma=2592000,quic=\":443\"; ma=2592000; v=\"46,43\"","accept-ranges":"none","transfer-encoding":"chunked"}
[debug] [2021-10-22T09:26:16.754Z] >>> HTTP REQUEST POST https://cloudresourcemanager.googleapis.com/v1/projects/thuiskapper:testIamPermissions  
 {"permissions":["firebase.projects.get"]}
[debug] [2021-10-22T09:26:17.478Z] <<< HTTP RESPONSE 200 {"content-type":"application/json; charset=UTF-8","vary":"X-Origin, Referer, Origin,Accept-Encoding","date":"Fri, 22 Oct 2021 09:26:17 GMT","server":"ESF","cache-control":"private","x-xss-protection":"0","x-frame-options":"SAMEORIGIN","x-content-type-options":"nosniff","server-timing":"gfet4t7; dur=583","alt-svc":"h3=\":443\"; ma=2592000,h3-29=\":443\"; ma=2592000,h3-Q050=\":443\"; ma=2592000,h3-Q046=\":443\"; ma=2592000,h3-Q043=\":443\"; ma=2592000,quic=\":443\"; ma=2592000; v=\"46,43\"","accept-ranges":"none","transfer-encoding":"chunked"}
[debug] [2021-10-22T09:26:17.480Z] > refreshing access token with scopes: []
[debug] [2021-10-22T09:26:17.481Z] >>> HTTP REQUEST POST https://www.googleapis.com/oauth2/v3/token  
 <request body omitted>
[debug] [2021-10-22T09:26:17.583Z] <<< HTTP RESPONSE 200 {"cache-control":"no-cache, no-store, max-age=0, must-revalidate","pragma":"no-cache","expires":"Mon, 01 Jan 1990 00:00:00 GMT","date":"Fri, 22 Oct 2021 09:26:17 GMT","content-type":"application/json; charset=utf-8","vary":"X-Origin, Referer, Origin,Accept-Encoding","server":"scaffolding on HTTPServer2","x-xss-protection":"0","x-frame-options":"SAMEORIGIN","x-content-type-options":"nosniff","alt-svc":"h3=\":443\"; ma=2592000,h3-29=\":443\"; ma=2592000,h3-Q050=\":443\"; ma=2592000,h3-Q046=\":443\"; ma=2592000,h3-Q043=\":443\"; ma=2592000,quic=\":443\"; ma=2592000; v=\"46,43\"","accept-ranges":"none","transfer-encoding":"chunked"}
[debug] [2021-10-22T09:26:17.631Z] >>> [apiv2][query] GET https://firebase.googleapis.com/v1beta1/projects/thuiskapper [none]
[debug] [2021-10-22T09:26:17.871Z] <<< [apiv2][status] GET https://firebase.googleapis.com/v1beta1/projects/thuiskapper 200
[debug] [2021-10-22T09:26:17.871Z] <<< [apiv2][body] GET https://firebase.googleapis.com/v1beta1/projects/thuiskapper {"projectId":"thuiskapper","projectNumber":"368390956811","displayName":"Thuiskapper","name":"projects/thuiskapper","resources":{"hostingSite":"thuiskapper"},"state":"ACTIVE"}
[info] 
[info] === Serving from '/Users/bernardusmolkenboer/Desktop/whitepaper'...
[info] 
[warn] ⚠  Your requested "node" version "14" doesn't match your global version "16" {"metadata":{"emulator":{"name":"functions"},"message":"Your requested \"node\" version \"14\" doesn't match your global version \"16\""}}
[debug] [2021-10-22T09:26:17.884Z] defaultcredentials: writing to file /Users/bernardusmolkenboer/.config/firebase/molkier_gmail_com_application_default_credentials.json
[debug] [2021-10-22T09:26:17.885Z] Setting GAC to /Users/bernardusmolkenboer/.config/firebase/molkier_gmail_com_application_default_credentials.json {"metadata":{"emulator":{"name":"functions"},"message":"Setting GAC to /Users/bernardusmolkenboer/.config/firebase/molkier_gmail_com_application_default_credentials.json"}}
[debug] [2021-10-22T09:26:17.886Z] >>> [apiv2][query] GET https://firebase.googleapis.com/v1beta1/projects/thuiskapper/adminSdkConfig [none]
[debug] [2021-10-22T09:26:18.128Z] <<< [apiv2][status] GET https://firebase.googleapis.com/v1beta1/projects/thuiskapper/adminSdkConfig 200
[debug] [2021-10-22T09:26:18.128Z] <<< [apiv2][body] GET https://firebase.googleapis.com/v1beta1/projects/thuiskapper/adminSdkConfig {"projectId":"thuiskapper","storageBucket":"thuiskapper.appspot.com"}
[info] i  functions: Watching "/Users/bernardusmolkenboer/Desktop/whitepaper/functions" for Cloud Functions... {"metadata":{"emulator":{"name":"functions"},"message":"Watching \"/Users/bernardusmolkenboer/Desktop/whitepaper/functions\" for Cloud Functions..."}}
[debug] [2021-10-22T09:26:18.169Z] [worker-pool] addWorker(~diagnostic~) {"metadata":{"emulator":{"name":"functions"},"message":"[worker-pool] addWorker(~diagnostic~)"}}
[debug] [2021-10-22T09:26:18.170Z] [worker-pool] Adding worker with key ~diagnostic~, total=1 {"metadata":{"emulator":{"name":"functions"},"message":"[worker-pool] Adding worker with key ~diagnostic~, total=1"}}
[debug] [2021-10-22T09:26:18.170Z] [worker-pool] submitWork(triggerId=) {"metadata":{"emulator":{"name":"functions"},"message":"[worker-pool] submitWork(triggerId=)"}}
[debug] [2021-10-22T09:26:18.171Z] [worker-~diagnostic~-9a736467-24db-46c9-8cee-e11f94a54864]: Assigning socketPath: /var/folders/mg/2fq15ck90qg8dhg4f44xr12w0000gn/T/fire_emu_11277.sock {"metadata":{"emulator":{"name":"functions"},"message":"[worker-~diagnostic~-9a736467-24db-46c9-8cee-e11f94a54864]: Assigning socketPath: /var/folders/mg/2fq15ck90qg8dhg4f44xr12w0000gn/T/fire_emu_11277.sock"}}
[debug] [2021-10-22T09:26:18.171Z] [worker-~diagnostic~-9a736467-24db-46c9-8cee-e11f94a54864]: BUSY {"metadata":{"emulator":{"name":"functions"},"message":"[worker-~diagnostic~-9a736467-24db-46c9-8cee-e11f94a54864]: BUSY"}}
[debug] [2021-10-22T09:26:18.272Z] [runtime-status] [11277] Functions runtime initialized. {"cwd":"/Users/bernardusmolkenboer/Desktop/whitepaper/functions","node_version":"16.4.1"} {"metadata":{"emulator":{"name":"functions"},"message":"[runtime-status] [11277] Functions runtime initialized. {\"cwd\":\"/Users/bernardusmolkenboer/Desktop/whitepaper/functions\",\"node_version\":\"16.4.1\"}"}}
[debug] [2021-10-22T09:26:18.273Z] [runtime-status] [11277] Disabled runtime features: undefined {"metadata":{"emulator":{"name":"functions"},"message":"[runtime-status] [11277] Disabled runtime features: undefined"}}
[debug] [2021-10-22T09:26:18.275Z] [runtime-status] [11277] Resolved module firebase-admin {"declared":true,"installed":true,"version":"9.12.0","resolution":"/Users/bernardusmolkenboer/Desktop/whitepaper/functions/node_modules/firebase-admin/lib/index.js"} {"metadata":{"emulator":{"name":"functions"},"message":"[runtime-status] [11277] Resolved module firebase-admin {\"declared\":true,\"installed\":true,\"version\":\"9.12.0\",\"resolution\":\"/Users/bernardusmolkenboer/Desktop/whitepaper/functions/node_modules/firebase-admin/lib/index.js\"}"}}
[debug] [2021-10-22T09:26:18.277Z] [runtime-status] [11277] Resolved module firebase-functions {"declared":true,"installed":true,"version":"3.15.7","resolution":"/Users/bernardusmolkenboer/Desktop/whitepaper/functions/node_modules/firebase-functions/lib/index.js"} {"metadata":{"emulator":{"name":"functions"},"message":"[runtime-status] [11277] Resolved module firebase-functions {\"declared\":true,\"installed\":true,\"version\":\"3.15.7\",\"resolution\":\"/Users/bernardusmolkenboer/Desktop/whitepaper/functions/node_modules/firebase-functions/lib/index.js\"}"}}
[debug] [2021-10-22T09:26:18.278Z] [runtime-status] [11277] Outgoing network have been stubbed. [{"name":"http","status":"mocked"},{"name":"http","status":"mocked"},{"name":"https","status":"mocked"},{"name":"https","status":"mocked"},{"name":"net","status":"mocked"}] {"metadata":{"emulator":{"name":"functions"},"message":"[runtime-status] [11277] Outgoing network have been stubbed. [{\"name\":\"http\",\"status\":\"mocked\"},{\"name\":\"http\",\"status\":\"mocked\"},{\"name\":\"https\",\"status\":\"mocked\"},{\"name\":\"https\",\"status\":\"mocked\"},{\"name\":\"net\",\"status\":\"mocked\"}]"}}
[debug] [2021-10-22T09:26:18.279Z] [runtime-status] [11277] Resolved module firebase-functions {"declared":true,"installed":true,"version":"3.15.7","resolution":"/Users/bernardusmolkenboer/Desktop/whitepaper/functions/node_modules/firebase-functions/lib/index.js"} {"metadata":{"emulator":{"name":"functions"},"message":"[runtime-status] [11277] Resolved module firebase-functions {\"declared\":true,\"installed\":true,\"version\":\"3.15.7\",\"resolution\":\"/Users/bernardusmolkenboer/Desktop/whitepaper/functions/node_modules/firebase-functions/lib/index.js\"}"}}
[debug] [2021-10-22T09:26:18.304Z] [runtime-status] [11277] Checked functions.config() {"config":{}} {"metadata":{"emulator":{"name":"functions"},"message":"[runtime-status] [11277] Checked functions.config() {\"config\":{}}"}}
[debug] [2021-10-22T09:26:18.304Z] [runtime-status] [11277] firebase-functions has been stubbed. {"functionsResolution":{"declared":true,"installed":true,"version":"3.15.7","resolution":"/Users/bernardusmolkenboer/Desktop/whitepaper/functions/node_modules/firebase-functions/lib/index.js"}} {"metadata":{"emulator":{"name":"functions"},"message":"[runtime-status] [11277] firebase-functions has been stubbed. {\"functionsResolution\":{\"declared\":true,\"installed\":true,\"version\":\"3.15.7\",\"resolution\":\"/Users/bernardusmolkenboer/Desktop/whitepaper/functions/node_modules/firebase-functions/lib/index.js\"}}"}}
[debug] [2021-10-22T09:26:18.304Z] [runtime-status] [11277] Resolved module firebase-functions {"declared":true,"installed":true,"version":"3.15.7","resolution":"/Users/bernardusmolkenboer/Desktop/whitepaper/functions/node_modules/firebase-functions/lib/index.js"} {"metadata":{"emulator":{"name":"functions"},"message":"[runtime-status] [11277] Resolved module firebase-functions {\"declared\":true,\"installed\":true,\"version\":\"3.15.7\",\"resolution\":\"/Users/bernardusmolkenboer/Desktop/whitepaper/functions/node_modules/firebase-functions/lib/index.js\"}"}}
[debug] [2021-10-22T09:26:18.305Z] [runtime-status] [11277] Resolved module firebase-admin {"declared":true,"installed":true,"version":"9.12.0","resolution":"/Users/bernardusmolkenboer/Desktop/whitepaper/functions/node_modules/firebase-admin/lib/index.js"} {"metadata":{"emulator":{"name":"functions"},"message":"[runtime-status] [11277] Resolved module firebase-admin {\"declared\":true,\"installed\":true,\"version\":\"9.12.0\",\"resolution\":\"/Users/bernardusmolkenboer/Desktop/whitepaper/functions/node_modules/firebase-admin/lib/index.js\"}"}}
[debug] [2021-10-22T09:26:18.306Z] [runtime-status] [11277] Resolved module firebase-functions {"declared":true,"installed":true,"version":"3.15.7","resolution":"/Users/bernardusmolkenboer/Desktop/whitepaper/functions/node_modules/firebase-functions/lib/index.js"} {"metadata":{"emulator":{"name":"functions"},"message":"[runtime-status] [11277] Resolved module firebase-functions {\"declared\":true,\"installed\":true,\"version\":\"3.15.7\",\"resolution\":\"/Users/bernardusmolkenboer/Desktop/whitepaper/functions/node_modules/firebase-functions/lib/index.js\"}"}}
[debug] [2021-10-22T09:26:18.307Z] [runtime-status] [11277] firebase-admin has been stubbed. {"adminResolution":{"declared":true,"installed":true,"version":"9.12.0","resolution":"/Users/bernardusmolkenboer/Desktop/whitepaper/functions/node_modules/firebase-admin/lib/index.js"}} {"metadata":{"emulator":{"name":"functions"},"message":"[runtime-status] [11277] firebase-admin has been stubbed. {\"adminResolution\":{\"declared\":true,\"installed\":true,\"version\":\"9.12.0\",\"resolution\":\"/Users/bernardusmolkenboer/Desktop/whitepaper/functions/node_modules/firebase-admin/lib/index.js\"}}"}}
[warn] ⚠  Error: Cannot find module '/Users/bernardusmolkenboer/Desktop/whitepaper/functions/lib/index.js'. Please verify that the package.json has a valid "main" entry
    at tryPackage (node:internal/modules/cjs/loader:347:19)
    at Function.Module._findPath (node:internal/modules/cjs/loader:560:18)
    at Function.Module._resolveFilename (node:internal/modules/cjs/loader:913:27)
    at Function.Module._load (node:internal/modules/cjs/loader:772:27)
    at Module.require (node:internal/modules/cjs/loader:999:19)
    at require (node:internal/modules/cjs/helpers:93:18)
    at initializeRuntime (/Users/bernardusmolkenboer/.nvm/versions/node/v16.4.1/lib/node_modules/firebase-tools/lib/emulator/functionsEmulatorRuntime.js:640:29)
    at processTicksAndRejections (node:internal/process/task_queues:96:5)
    at async handleMessage (/Users/bernardusmolkenboer/.nvm/versions/node/v16.4.1/lib/node_modules/firebase-tools/lib/emulator/functionsEmulatorRuntime.js:684:20) {"metadata":{"emulator":{"name":"functions"},"message":"Error: Cannot find module '/Users/bernardusmolkenboer/Desktop/whitepaper/functions/lib/index.js'. Please verify that the package.json has a valid \"main\" entry\n    at tryPackage (node:internal/modules/cjs/loader:347:19)\n    at Function.Module._findPath (node:internal/modules/cjs/loader:560:18)\n    at Function.Module._resolveFilename (node:internal/modules/cjs/loader:913:27)\n    at Function.Module._load (node:internal/modules/cjs/loader:772:27)\n    at Module.require (node:internal/modules/cjs/loader:999:19)\n    at require (node:internal/modules/cjs/helpers:93:18)\n    at initializeRuntime (/Users/bernardusmolkenboer/.nvm/versions/node/v16.4.1/lib/node_modules/firebase-tools/lib/emulator/functionsEmulatorRuntime.js:640:29)\n    at processTicksAndRejections (node:internal/process/task_queues:96:5)\n    at async handleMessage (/Users/bernardusmolkenboer/.nvm/versions/node/v16.4.1/lib/node_modules/firebase-tools/lib/emulator/functionsEmulatorRuntime.js:684:20)"}}
[warn] ⚠  We were unable to load your functions code. (see above)
   - It appears your code is written in Typescript, which must be compiled before emulation.
   - You may be able to run "npm run build" in your functions directory to resolve this. {"metadata":{"emulator":{"name":"functions"}}}
[debug] [2021-10-22T09:26:18.327Z] [worker-~diagnostic~-9a736467-24db-46c9-8cee-e11f94a54864]: exited {"metadata":{"emulator":{"name":"functions"},"message":"[worker-~diagnostic~-9a736467-24db-46c9-8cee-e11f94a54864]: exited"}}
[debug] [2021-10-22T09:26:18.327Z] [worker-~diagnostic~-9a736467-24db-46c9-8cee-e11f94a54864]: FINISHED {"metadata":{"emulator":{"name":"functions"},"message":"[worker-~diagnostic~-9a736467-24db-46c9-8cee-e11f94a54864]: FINISHED"}}
